[debug] [2019-08-18T20:33:32.897Z] ----------------------------------------------------------------------
[debug] [2019-08-18T20:33:32.902Z] Command:       C:\Program Files\nodejs\node.exe C:\Users\Vinoth\AppData\Roaming\npm\node_modules\firebase-tools\lib\bin\firebase.js init
[debug] [2019-08-18T20:33:32.902Z] CLI Version:   7.2.2
[debug] [2019-08-18T20:33:32.902Z] Platform:      win32
[debug] [2019-08-18T20:33:32.902Z] Node Version:  v10.16.0
[debug] [2019-08-18T20:33:32.904Z] Time:          Mon Aug 19 2019 02:03:32 GMT+0530 (India Standard Time)
[debug] [2019-08-18T20:33:32.904Z] ----------------------------------------------------------------------
[debug] 
[debug] [2019-08-18T20:33:32.913Z] > command requires scopes: ["email","openid","https://www.googleapis.com/auth/cloudplatformprojects.readonly","https://www.googleapis.com/auth/firebase","https://www.googleapis.com/auth/cloud-platform"]
[debug] [2019-08-18T20:33:32.914Z] > authorizing via signed-in user
[info] 
     ######## #### ########  ######## ########     ###     ######  ########
     ##        ##  ##     ## ##       ##     ##  ##   ##  ##       ##
     ######    ##  ########  ######   ########  #########  ######  ######
     ##        ##  ##    ##  ##       ##     ## ##     ##       ## ##
     ##       #### ##     ## ######## ########  ##     ##  ######  ########

You're about to initialize a Firebase project in this directory:

  C:\xampp\htdocs\mails

Before we get started, keep in mind:

  * You are currently outside your home directory

